#-----------------------------------------------------------
# Vivado v2019.2 (64-bit)
# SW Build 2708876 on Wed Nov  6 21:40:23 MST 2019
# IP Build 2700528 on Thu Nov  7 00:09:20 MST 2019
# Start of session at: Fri Jan  6 20:06:59 2023
# Process ID: 10652
# Current directory: C:/Users/User/Desktop/final_7-20230106T120404Z-001/final_7
# Command line: vivado.exe -gui_launcher_event rodinguilauncherevent3196 C:\Users\User\Desktop\final_7-20230106T120404Z-001\final_7\final_7.xpr
# Log file: C:/Users/User/Desktop/final_7-20230106T120404Z-001/final_7/vivado.log
# Journal file: C:/Users/User/Desktop/final_7-20230106T120404Z-001/final_7\vivado.jou
#-----------------------------------------------------------
start_gui
open_project C:/Users/User/Desktop/final_7-20230106T120404Z-001/final_7/final_7.xpr
INFO: [Project 1-313] Project file moved from 'C:/Users/nthu-326/Desktop/final_7' since last save.
Scanning sources...
Finished scanning sources
WARNING: [filemgmt 56-2] IP Repository Path: Could not find the directory 'C:/Users/User/Desktop/OneDrive - 清華大學/桌面/final_thing/ip', nor could it be found using path 'C:/Users/nthu-326/OneDrive - 清華大學/桌面/final_thing/ip'.
INFO: [IP_Flow 19-234] Refreshing IP repositories
WARNING: [IP_Flow 19-2248] Failed to load user IP repository 'c:/Users/User/Desktop/OneDrive - 清華大學/桌面/final_thing/ip'; Can't find the specified path.
If this directory should no longer be in your list of user repositories, go to the IP Settings dialog and remove it.
INFO: [IP_Flow 19-2313] Loaded Vivado IP repository 'C:/Xilinx/Vivado/2019.2/data/ip'.
WARNING: [IP_Flow 19-2162] IP 'KeyboardCtrl_0' is locked:
* IP definition 'KeyboardCtrl (1.0)' for IP 'KeyboardCtrl_0' (customized with software release 2019.2) was not found in the IP Catalog.
open_project: Time (s): cpu = 00:00:19 ; elapsed = 00:00:07 . Memory (MB): peak = 741.746 ; gain = 107.559
update_compile_order -fileset sources_1
reset_run synth_1
launch_runs impl_1 -to_step write_bitstream -jobs 16
[Fri Jan  6 20:35:49 2023] Launched synth_1...
Run output will be captured here: C:/Users/User/Desktop/final_7-20230106T120404Z-001/final_7/final_7.runs/synth_1/runme.log
[Fri Jan  6 20:35:49 2023] Launched impl_1...
Run output will be captured here: C:/Users/User/Desktop/final_7-20230106T120404Z-001/final_7/final_7.runs/impl_1/runme.log
open_hw_manager
connect_hw_server -allow_non_jtag
INFO: [Labtools 27-2285] Connecting to hw_server url TCP:localhost:3121
INFO: [Labtools 27-2222] Launching hw_server...
INFO: [Labtools 27-2221] Launch Output:

****** Xilinx hw_server v2019.2
  **** Build date : Nov  6 2019 at 22:12:23
    ** Copyright 1986-2019 Xilinx, Inc. All Rights Reserved.


INFO: [Labtools 27-3415] Connecting to cs_server url TCP:localhost:3042
INFO: [Labtools 27-3417] Launching cs_server...
INFO: [Labtools 27-2221] Launch Output:


****** Xilinx cs_server v2019.2.0
  **** Build date : Nov 07 2019-13:28:22
    ** Copyright 2017-2019 Xilinx, Inc. All Rights Reserved.



connect_hw_server: Time (s): cpu = 00:00:01 ; elapsed = 00:00:09 . Memory (MB): peak = 845.887 ; gain = 0.000
open_hw_target
INFO: [Labtoolstcl 44-466] Opening hw_target localhost:3121/xilinx_tcf/Digilent/210183A6F887A
set_property PROGRAM.FILE {C:/Users/User/Desktop/final_7-20230106T120404Z-001/final_7/final_7.runs/impl_1/demo_2.bit} [get_hw_devices xc7a35t_0]
current_hw_device [get_hw_devices xc7a35t_0]
refresh_hw_device -update_hw_probes false [lindex [get_hw_devices xc7a35t_0] 0]
INFO: [Labtools 27-1435] Device xc7a35t (JTAG device index = 0) is not programmed (DONE status = 0).
set_property PROBES.FILE {} [get_hw_devices xc7a35t_0]
set_property FULL_PROBES.FILE {} [get_hw_devices xc7a35t_0]
set_property PROGRAM.FILE {C:/Users/User/Desktop/final_7-20230106T120404Z-001/final_7/final_7.runs/impl_1/demo_2.bit} [get_hw_devices xc7a35t_0]
program_hw_devices [get_hw_devices xc7a35t_0]
INFO: [Labtools 27-3164] End of startup status: HIGH
refresh_hw_device [lindex [get_hw_devices xc7a35t_0] 0]
INFO: [Labtools 27-1434] Device xc7a35t (JTAG device index = 0) is programmed with a design that has no supported debug core(s) in it.
set_property PROBES.FILE {} [get_hw_devices xc7a35t_0]
set_property FULL_PROBES.FILE {} [get_hw_devices xc7a35t_0]
set_property PROGRAM.FILE {C:/Users/User/Desktop/final_7-20230106T120404Z-001/final_7/final_7.runs/impl_1/demo_2.bit} [get_hw_devices xc7a35t_0]
program_hw_devices [get_hw_devices xc7a35t_0]
INFO: [Labtools 27-3164] End of startup status: HIGH
refresh_hw_device [lindex [get_hw_devices xc7a35t_0] 0]
INFO: [Labtools 27-1434] Device xc7a35t (JTAG device index = 0) is programmed with a design that has no supported debug core(s) in it.
reset_run synth_1
launch_runs impl_1 -to_step write_bitstream -jobs 16
[Fri Jan  6 20:58:16 2023] Launched synth_1...
Run output will be captured here: C:/Users/User/Desktop/final_7-20230106T120404Z-001/final_7/final_7.runs/synth_1/runme.log
[Fri Jan  6 20:58:16 2023] Launched impl_1...
Run output will be captured here: C:/Users/User/Desktop/final_7-20230106T120404Z-001/final_7/final_7.runs/impl_1/runme.log
set_property PROBES.FILE {} [get_hw_devices xc7a35t_0]
set_property FULL_PROBES.FILE {} [get_hw_devices xc7a35t_0]
set_property PROGRAM.FILE {C:/Users/User/Desktop/final_7-20230106T120404Z-001/final_7/final_7.runs/impl_1/demo_2.bit} [get_hw_devices xc7a35t_0]
program_hw_devices [get_hw_devices xc7a35t_0]
INFO: [Labtools 27-3164] End of startup status: HIGH
refresh_hw_device [lindex [get_hw_devices xc7a35t_0] 0]
INFO: [Labtools 27-1434] Device xc7a35t (JTAG device index = 0) is programmed with a design that has no supported debug core(s) in it.
reset_run synth_1
launch_runs impl_1 -to_step write_bitstream -jobs 16
[Fri Jan  6 21:23:31 2023] Launched synth_1...
Run output will be captured here: C:/Users/User/Desktop/final_7-20230106T120404Z-001/final_7/final_7.runs/synth_1/runme.log
[Fri Jan  6 21:23:31 2023] Launched impl_1...
Run output will be captured here: C:/Users/User/Desktop/final_7-20230106T120404Z-001/final_7/final_7.runs/impl_1/runme.log
set_property PROBES.FILE {} [get_hw_devices xc7a35t_0]
set_property FULL_PROBES.FILE {} [get_hw_devices xc7a35t_0]
set_property PROGRAM.FILE {C:/Users/User/Desktop/final_7-20230106T120404Z-001/final_7/final_7.runs/impl_1/demo_2.bit} [get_hw_devices xc7a35t_0]
program_hw_devices [get_hw_devices xc7a35t_0]
INFO: [Labtools 27-3164] End of startup status: HIGH
refresh_hw_device [lindex [get_hw_devices xc7a35t_0] 0]
INFO: [Labtools 27-1434] Device xc7a35t (JTAG device index = 0) is programmed with a design that has no supported debug core(s) in it.
reset_run synth_1
launch_runs impl_1 -to_step write_bitstream -jobs 16
[Fri Jan  6 21:26:21 2023] Launched synth_1...
Run output will be captured here: C:/Users/User/Desktop/final_7-20230106T120404Z-001/final_7/final_7.runs/synth_1/runme.log
[Fri Jan  6 21:26:21 2023] Launched impl_1...
Run output will be captured here: C:/Users/User/Desktop/final_7-20230106T120404Z-001/final_7/final_7.runs/impl_1/runme.log
set_property PROBES.FILE {} [get_hw_devices xc7a35t_0]
set_property FULL_PROBES.FILE {} [get_hw_devices xc7a35t_0]
set_property PROGRAM.FILE {C:/Users/User/Desktop/final_7-20230106T120404Z-001/final_7/final_7.runs/impl_1/demo_2.bit} [get_hw_devices xc7a35t_0]
program_hw_devices [get_hw_devices xc7a35t_0]
INFO: [Labtools 27-3164] End of startup status: HIGH
refresh_hw_device [lindex [get_hw_devices xc7a35t_0] 0]
INFO: [Labtools 27-1434] Device xc7a35t (JTAG device index = 0) is programmed with a design that has no supported debug core(s) in it.
exit
INFO: [Common 17-206] Exiting Vivado at Fri Jan  6 22:33:42 2023...
