#-----------------------------------------------------------
# Vivado v2019.2 (64-bit)
# SW Build 2708876 on Wed Nov  6 21:40:23 MST 2019
# IP Build 2700528 on Thu Nov  7 00:09:20 MST 2019
# Start of session at: Tue Jan  3 21:45:30 2023
# Process ID: 6348
# Current directory: C:/Users/nthu-326/Desktop/final_7
# Command line: vivado.exe -gui_launcher_event rodinguilauncherevent1236 C:\Users\nthu-326\Desktop\final_7\final_7.xpr
# Log file: C:/Users/nthu-326/Desktop/final_7/vivado.log
# Journal file: C:/Users/nthu-326/Desktop/final_7\vivado.jou
#-----------------------------------------------------------
start_gui
open_project C:/Users/nthu-326/Desktop/final_7/final_7.xpr
INFO: [Project 1-313] Project file moved from 'C:/Users/koala/FINALS/final_7' since last save.
Scanning sources...
Finished scanning sources
WARNING: [filemgmt 56-2] IP Repository Path: Could not find the directory 'C:/Users/nthu-326/OneDrive - 清華大學/桌面/final_thing/ip', nor could it be found using path 'C:/Users/koala/OneDrive - 清華大學/桌面/final_thing/ip'.
INFO: [IP_Flow 19-234] Refreshing IP repositories
WARNING: [IP_Flow 19-2248] Failed to load user IP repository 'c:/Users/nthu-326/OneDrive - 清華大學/桌面/final_thing/ip'; Can't find the specified path.
If this directory should no longer be in your list of user repositories, go to the IP Settings dialog and remove it.
INFO: [IP_Flow 19-2313] Loaded Vivado IP repository 'C:/Xilinx/Vivado/2019.2/data/ip'.
WARNING: [IP_Flow 19-2162] IP 'KeyboardCtrl_0' is locked:
* IP definition 'KeyboardCtrl (1.0)' for IP 'KeyboardCtrl_0' (customized with software release 2019.2) was not found in the IP Catalog.
update_compile_order -fileset sources_1
open_hw_manager
connect_hw_server -allow_non_jtag
INFO: [Labtools 27-2285] Connecting to hw_server url TCP:localhost:3121
INFO: [Labtools 27-2222] Launching hw_server...
INFO: [Labtools 27-2221] Launch Output:

****** Xilinx hw_server v2019.2
  **** Build date : Nov  6 2019 at 22:12:23
    ** Copyright 1986-2019 Xilinx, Inc. All Rights Reserved.


INFO: [Labtools 27-3415] Connecting to cs_server url TCP:localhost:3042
INFO: [Labtools 27-3417] Launching cs_server...
INFO: [Labtools 27-2221] Launch Output:


****** Xilinx cs_server v2019.2.0
  **** Build date : Nov 07 2019-13:28:22
    ** Copyright 2017-2019 Xilinx, Inc. All Rights Reserved.



connect_hw_server: Time (s): cpu = 00:00:01 ; elapsed = 00:00:07 . Memory (MB): peak = 824.328 ; gain = 0.000
open_hw_target
INFO: [Labtoolstcl 44-466] Opening hw_target localhost:3121/xilinx_tcf/Digilent/210183A6F887A
set_property PROGRAM.FILE {C:/Users/nthu-326/Desktop/final_7/final_7.runs/impl_1/demo_2.bit} [get_hw_devices xc7a35t_0]
current_hw_device [get_hw_devices xc7a35t_0]
refresh_hw_device -update_hw_probes false [lindex [get_hw_devices xc7a35t_0] 0]
INFO: [Labtools 27-1435] Device xc7a35t (JTAG device index = 0) is not programmed (DONE status = 0).
set_property PROBES.FILE {} [get_hw_devices xc7a35t_0]
set_property FULL_PROBES.FILE {} [get_hw_devices xc7a35t_0]
set_property PROGRAM.FILE {C:/Users/nthu-326/Desktop/final_7/final_7.runs/impl_1/demo_2.bit} [get_hw_devices xc7a35t_0]
program_hw_devices [get_hw_devices xc7a35t_0]
INFO: [Labtools 27-3164] End of startup status: HIGH
refresh_hw_device [lindex [get_hw_devices xc7a35t_0] 0]
INFO: [Labtools 27-1434] Device xc7a35t (JTAG device index = 0) is programmed with a design that has no supported debug core(s) in it.
reset_run synth_1
launch_runs impl_1 -to_step write_bitstream -jobs 12
[Tue Jan  3 22:03:06 2023] Launched synth_1...
Run output will be captured here: C:/Users/nthu-326/Desktop/final_7/final_7.runs/synth_1/runme.log
[Tue Jan  3 22:03:07 2023] Launched impl_1...
Run output will be captured here: C:/Users/nthu-326/Desktop/final_7/final_7.runs/impl_1/runme.log
set_property PROBES.FILE {} [get_hw_devices xc7a35t_0]
set_property FULL_PROBES.FILE {} [get_hw_devices xc7a35t_0]
set_property PROGRAM.FILE {C:/Users/nthu-326/Desktop/final_7/final_7.runs/impl_1/demo_2.bit} [get_hw_devices xc7a35t_0]
program_hw_devices [get_hw_devices xc7a35t_0]
INFO: [Labtools 27-3164] End of startup status: HIGH
refresh_hw_device [lindex [get_hw_devices xc7a35t_0] 0]
INFO: [Labtools 27-1434] Device xc7a35t (JTAG device index = 0) is programmed with a design that has no supported debug core(s) in it.
WARNING: [filemgmt 56-199] Attempt to get parsing info during refresh. "On-the-fly" syntax checking information may be incorrect. [C:\Users\nthu-326\Desktop\final_7\final_7.srcs\sources_1\new\clock_divider.v:]
WARNING: [filemgmt 56-199] Attempt to get parsing info during refresh. "On-the-fly" syntax checking information may be incorrect. [C:\Users\nthu-326\Desktop\final_7\final_7.srcs\sources_1\new\mem_addr_gen.v:]
ERROR: [Common 17-180] Spawn failed: No error
reset_run synth_1
launch_runs impl_1 -to_step write_bitstream -jobs 12
[Tue Jan  3 22:13:24 2023] Launched synth_1...
Run output will be captured here: C:/Users/nthu-326/Desktop/final_7/final_7.runs/synth_1/runme.log
[Tue Jan  3 22:13:24 2023] Launched impl_1...
Run output will be captured here: C:/Users/nthu-326/Desktop/final_7/final_7.runs/impl_1/runme.log
reset_run synth_1
launch_runs impl_1 -to_step write_bitstream -jobs 12
[Tue Jan  3 22:15:24 2023] Launched synth_1...
Run output will be captured here: C:/Users/nthu-326/Desktop/final_7/final_7.runs/synth_1/runme.log
[Tue Jan  3 22:15:24 2023] Launched impl_1...
Run output will be captured here: C:/Users/nthu-326/Desktop/final_7/final_7.runs/impl_1/runme.log
set_property PROBES.FILE {} [get_hw_devices xc7a35t_0]
set_property FULL_PROBES.FILE {} [get_hw_devices xc7a35t_0]
set_property PROGRAM.FILE {C:/Users/nthu-326/Desktop/final_7/final_7.runs/impl_1/demo_2.bit} [get_hw_devices xc7a35t_0]
program_hw_devices [get_hw_devices xc7a35t_0]
INFO: [Labtools 27-3164] End of startup status: HIGH
refresh_hw_device [lindex [get_hw_devices xc7a35t_0] 0]
INFO: [Labtools 27-1434] Device xc7a35t (JTAG device index = 0) is programmed with a design that has no supported debug core(s) in it.
exit
INFO: [Common 17-206] Exiting Vivado at Tue Jan  3 22:18:29 2023...
